{
  "RSpec": {
    "coverage": {
      "/Users/mpawelski/Flatiron/Phase-0/tic-tac-toe-rb/lib/tic_tac_toe.rb": [
        1,
        25,
        25,
        25,
        25,
        25,
        null,
        null,
        1,
        24,
        null,
        null,
        1,
        23,
        null,
        null,
        1,
        0,
        null,
        null,
        1,
        24,
        null,
        null,
        1,
        21,
        21,
        21,
        21,
        20,
        20,
        null,
        1,
        null,
        null,
        null,
        1,
        12,
        18,
        null,
        12,
        3,
        9,
        9,
        4,
        null,
        5,
        null,
        null,
        null,
        null,
        1,
        26,
        null,
        null,
        null,
        1,
        null,
        null,
        null,
        null,
        null,
        null,
        null,
        null,
        null,
        1,
        null,
        50,
        286,
        18,
        268,
        6,
        null,
        262,
        null,
        null,
        26,
        null,
        null,
        1,
        214,
        26,
        null,
        10,
        null,
        null,
        null,
        1,
        35,
        6,
        null,
        29,
        null,
        null,
        null,
        1,
        22,
        10,
        null,
        12,
        null,
        null,
        null,
        1,
        11,
        6,
        4,
        null,
        2,
        null,
        null,
        null,
        null,
        null,
        null,
        1,
        22,
        22,
        198,
        32,
        null,
        null,
        null,
        22,
        null,
        null,
        1,
        21,
        14,
        null,
        7,
        null,
        null
      ]
    },
    "timestamp": 1632716867
  }
}
